\BOOKMARK [1][-]{Doc-Start}{\376\377\000A\000b\000s\000t\000r\000a\000c\000t}{}% 1
\BOOKMARK [1][-]{section*.3}{\376\377\000I\000n\000t\000r\000o\000d\000u\000c\000t\000i\000o\000n}{}% 2
\BOOKMARK [1][-]{section*.4}{\376\377\000T\000h\000e\000o\000r\000e\000t\000i\000c\000a\000l\000\040\000B\000a\000c\000k\000g\000r\000o\000u\000n\000d}{}% 3
\BOOKMARK [2][-]{section*.5}{\376\377\000I\000n\000t\000r\000o\000d\000u\000c\000t\000i\000o\000n\000\040\000t\000o\000\040\000Q\000u\000a\000d\000c\000o\000p\000t\000e\000r\000\040\000S\000y\000s\000t\000e\000m\000s}{section*.4}% 4
\BOOKMARK [3][-]{section*.6}{\376\377\000F\000l\000i\000g\000h\000t\000\040\000D\000y\000n\000a\000m\000i\000c\000s\000\040\000a\000n\000d\000\040\000P\000r\000i\000n\000c\000i\000p\000l\000e\000s\000\040\000o\000f\000\040\000O\000p\000e\000r\000a\000t\000i\000o\000n}{section*.5}% 5
\BOOKMARK [3][-]{section*.8}{\376\377\000P\000i\000l\000o\000t\000\040\000I\000n\000t\000e\000r\000f\000a\000c\000e\000\040\000a\000n\000d\000\040\000C\000o\000n\000t\000r\000o\000l\000\040\000S\000y\000s\000t\000e\000m\000s}{section*.5}% 6
\BOOKMARK [3][-]{section*.13}{\376\377\000P\000r\000o\000p\000o\000r\000t\000i\000o\000n\000a\000l\000\040\000I\000n\000t\000e\000g\000r\000a\000l\000\040\000a\000n\000d\000\040\000D\000e\000r\000i\000v\000a\000t\000i\000v\000e\000\040\000\050\000P\000I\000D\000\040\000C\000o\000n\000t\000r\000o\000l\000\051}{section*.5}% 7
\BOOKMARK [2][-]{section*.14}{\376\377\000L\000e\000a\000r\000n\000i\000n\000g\000\040\000T\000h\000e\000o\000r\000i\000e\000s\000\040\000i\000n\000\040\000S\000i\000m\000u\000l\000a\000t\000i\000o\000n\000-\000B\000a\000s\000e\000d\000\040\000X\000R}{section*.4}% 8
\BOOKMARK [3][-]{section*.15}{\376\377\000E\000x\000p\000e\000r\000i\000e\000n\000t\000i\000a\000l\000\040\000L\000e\000a\000r\000n\000i\000n\000g}{section*.14}% 9
\BOOKMARK [3][-]{section*.16}{\376\377\000T\000r\000a\000i\000n\000i\000n\000g\000\040\000S\000i\000m\000u\000l\000a\000t\000o\000r}{section*.14}% 10
\BOOKMARK [3][-]{section*.17}{\376\377\000L\000e\000a\000r\000n\000i\000n\000g\000\040\000i\000n\000\040\000E\000x\000t\000e\000n\000d\000e\000d\000\040\000R\000e\000a\000l\000i\000t\000y\000\040\000\050\000X\000R\000\051}{section*.14}% 11
\BOOKMARK [3][-]{section*.18}{\376\377\000H\000u\000m\000a\000n\000-\000A\000I\000\040\000C\000o\000l\000l\000a\000b\000o\000r\000a\000t\000i\000o\000n}{section*.14}% 12
\BOOKMARK [3][-]{section*.19}{\376\377\000R\000e\000i\000n\000f\000o\000r\000c\000e\000m\000e\000n\000t\000\040\000L\000e\000a\000r\000n\000i\000n\000g\000\040\000\050\000R\000L\000\051}{section*.14}% 13
\BOOKMARK [2][-]{section*.21}{\376\377\000H\000u\000m\000a\000n\040\023\000C\000o\000m\000p\000u\000t\000e\000r\000\040\000I\000n\000t\000e\000r\000a\000c\000t\000i\000o\000n\000\040\000i\000n\000\040\000X\000R}{section*.4}% 14
\BOOKMARK [3][-]{section*.22}{\376\377\000H\000a\000r\000d\000w\000a\000r\000e\000s\000\040\000I\000n\000t\000r\000o\000d\000u\000c\000t\000i\000o\000n}{section*.21}% 15
\BOOKMARK [3][-]{section*.23}{\376\377\000S\000o\000f\000t\000w\000a\000r\000e\000\040\000S\000t\000a\000n\000d\000a\000r\000d\000s}{section*.21}% 16
\BOOKMARK [3][-]{section*.24}{\376\377\000X\000R\000\040\000I\000n\000p\000u\000t\000s}{section*.21}% 17
\BOOKMARK [3][-]{section*.25}{\376\377\000X\000R\000\040\000U\000I\000\040\000F\000r\000a\000m\000e\000w\000o\000r\000k\000s}{section*.21}% 18
\BOOKMARK [3][-]{section*.26}{\376\377\000D\000i\000g\000i\000t\000a\000l\000\040\000T\000w\000i\000n\000\040\000a\000n\000d\000\040\000S\000p\000a\000t\000i\000a\000l\000\040\000C\000o\000m\000p\000u\000t\000i\000n\000g\000\040\000C\000o\000n\000c\000e\000p\000t\000s}{section*.21}% 19
\BOOKMARK [3][-]{section*.27}{\376\377\000G\000e\000o\000g\000r\000a\000p\000h\000i\000c\000\040\000I\000n\000f\000o\000r\000m\000a\000t\000i\000o\000n\000\040\000S\000y\000s\000t\000e\000m\000s}{section*.21}% 20
\BOOKMARK [3][-]{section*.28}{\376\377\000D\000i\000g\000i\000t\000a\000l\000\040\000T\000w\000i\000n}{section*.21}% 21
\BOOKMARK [3][-]{section*.29}{\376\377\000A\000I\000-\000a\000s\000s\000i\000s\000t\000e\000d\000\040\000e\000n\000v\000i\000r\000o\000n\000m\000e\000n\000t\000\040\000g\000e\000n\000e\000r\000a\000t\000i\000o\000n}{section*.21}% 22
\BOOKMARK [1][-]{section*.30}{\376\377\000M\000e\000t\000h\000o\000d\000o\000l\000o\000g\000y}{}% 23
\BOOKMARK [2][-]{section*.31}{\376\377\000D\000e\000s\000i\000g\000n\000-\000B\000a\000s\000e\000d\000\040\000R\000e\000s\000e\000a\000r\000c\000h}{section*.30}% 24
\BOOKMARK [2][-]{section*.32}{\376\377\000A\000g\000i\000l\000e\000\040\000S\000o\000f\000t\000w\000a\000r\000e\000\040\000D\000e\000v\000e\000l\000o\000p\000m\000e\000n\000t}{section*.30}% 25
\BOOKMARK [2][-]{section*.33}{\376\377\000S\000i\000m\000u\000l\000a\000t\000e\000\040\000t\000h\000e\000\040\000Q\000u\000a\000d\000c\000o\000p\000t\000e\000r}{section*.30}% 26
\BOOKMARK [3][-]{section*.34}{\376\377\000C\000o\000n\000t\000r\000o\000l\000l\000e\000r\000\040\000M\000a\000p\000p\000i\000n\000g}{section*.33}% 27
\BOOKMARK [3][-]{section*.35}{\376\377\000F\000l\000i\000g\000h\000t\000\040\000M\000o\000d\000e\000s\000\040\000a\000n\000d\000\040\000O\000r\000i\000e\000n\000t\000a\000t\000i\000o\000n\000\040\000L\000o\000g\000i\000c}{section*.33}% 28
\BOOKMARK [2][-]{section*.36}{\376\377\000D\000e\000s\000i\000g\000n\000\040\000o\000f\000\040\000t\000h\000e\000\040\000H\000u\000m\000a\000n\000-\000A\000I\000\040\000C\000o\000l\000l\000a\000b\000o\000r\000a\000t\000i\000o\000n}{section*.30}% 29
\BOOKMARK [3][-]{section*.37}{\376\377\000D\000e\000s\000i\000g\000n\000\040\000o\000f\000\040\000a\000\040\000P\000D\000\040\000b\000a\000s\000e\000d\000\040\000H\000A\000C}{section*.36}% 30
\BOOKMARK [3][-]{section*.39}{\376\377\000D\000e\000s\000i\000g\000n\000\040\000o\000f\000\040\000a\000\040\000R\000L\000\040\000b\000a\000s\000e\000d\000\040\000H\000A\000C}{section*.36}% 31
\BOOKMARK [2][-]{section*.41}{\376\377\000C\000o\000m\000p\000a\000r\000i\000s\000o\000n\000\040\000o\000f\000\040\000C\000u\000r\000r\000e\000n\000t\000\040\000X\000R\000\040\000D\000e\000v\000e\000l\000o\000p\000m\000e\000n\000t\000\040\000P\000l\000a\000t\000f\000o\000r\000m\000s}{section*.30}% 32
\BOOKMARK [2][-]{section*.43}{\376\377\000S\000y\000s\000t\000e\000m\000\040\000D\000e\000s\000i\000g\000n\000\040\000O\000v\000e\000r\000v\000i\000e\000w}{section*.30}% 33
\BOOKMARK [3][-]{section*.44}{\376\377\000A\000r\000c\000h\000e\000t\000e\000c\000t\000u\000r\000e}{section*.43}% 34
\BOOKMARK [3][-]{section*.45}{\376\377\000M\000o\000d\000e\000l\000s}{section*.43}% 35
\BOOKMARK [2][-]{section*.46}{\376\377\000E\000n\000v\000i\000r\000o\000n\000m\000e\000n\000t\000\040\000C\000o\000n\000s\000t\000r\000u\000c\000t\000i\000o\000n}{section*.30}% 36
\BOOKMARK [2][-]{section*.47}{\376\377\000I\000n\000t\000e\000r\000a\000c\000t\000i\000o\000n\000\040\000a\000n\000d\000\040\000C\000o\000n\000t\000r\000o\000l\000\040\000D\000e\000s\000i\000g\000n}{section*.30}% 37
\BOOKMARK [2][-]{section*.48}{\376\377\000L\000e\000a\000r\000n\000i\000n\000g\000\040\000S\000y\000s\000t\000e\000m\000\040\000D\000e\000s\000i\000g\000n}{section*.30}% 38
\BOOKMARK [2][-]{section*.49}{\376\377\000D\000a\000t\000a\000\040\000C\000o\000l\000l\000e\000c\000t\000i\000o\000n\000\040\000M\000e\000t\000h\000o\000d\000s}{section*.30}% 39
\BOOKMARK [1][-]{section*.50}{\376\377\000R\000e\000s\000u\000l\000t\000s}{}% 40
\BOOKMARK [2][-]{section*.51}{\376\377\000C\000o\000n\000t\000r\000o\000l\000\040\000t\000h\000e\000\040\000Q\000u\000a\000d\000c\000o\000p\000t\000e\000r\000\040\000i\000n\000\040\000X\000R\000\040\000e\000n\000v\000i\000r\000o\000n\000m\000e\000n\000t}{section*.50}% 41
\BOOKMARK [2][-]{section*.54}{\376\377\000P\000a\000t\000h\000\040\000F\000o\000l\000l\000o\000w\000i\000n\000g\000\040\000w\000i\000t\000h\000\040\000P\000I\000D\000\040\000C\000o\000n\000t\000r\000o\000l\000l\000e\000r}{section*.50}% 42
\BOOKMARK [2][-]{section*.57}{\376\377\000H\000o\000v\000e\000r\000i\000n\000g\000\040\000w\000i\000t\000h\000\040\000R\000L\000\040\000A\000g\000e\000n\000t}{section*.50}% 43
\BOOKMARK [2][-]{section*.61}{\376\377\000T\000u\000t\000o\000r\000i\000a\000l\000\040\000o\000n\000\040\000G\000a\000m\000e\000\040\000I\000n\000t\000e\000r\000a\000c\000t\000i\000o\000n}{section*.50}% 44
\BOOKMARK [2][-]{section*.63}{\376\377\000C\000o\000n\000t\000r\000o\000l\000\040\000t\000h\000e\000\040\000Q\000u\000a\000d\000c\000o\000p\000t\000e\000r\000\040\000i\000n\000\040\000V\000R\000\040\000e\000n\000v\000i\000r\000o\000n\000m\000e\000n\000t}{section*.50}% 45
\BOOKMARK [2][-]{section*.64}{\376\377\000D\000r\000o\000n\000e\000\040\000C\000o\000n\000t\000r\000o\000l\000\040\000I\000m\000p\000l\000e\000m\000e\000n\000t\000a\000t\000i\000o\000n}{section*.50}% 46
\BOOKMARK [2][-]{section*.65}{\376\377\000P\000h\000y\000s\000i\000c\000s\000\040\000a\000n\000d\000\040\000S\000i\000m\000u\000l\000a\000t\000i\000o\000n\000\040\000S\000y\000s\000t\000e\000m}{section*.50}% 47
\BOOKMARK [2][-]{section*.66}{\376\377\000X\000R\000\040\000I\000n\000t\000e\000r\000a\000c\000t\000i\000o\000n\000\040\000a\000n\000d\000\040\000U\000I\000\040\000R\000e\000s\000u\000l\000t\000s}{section*.50}% 48
\BOOKMARK [1][-]{section*.67}{\376\377\000D\000i\000s\000c\000u\000s\000s\000i\000o\000n}{}% 49
\BOOKMARK [2][-]{section*.68}{\376\377\000R\000Q\0001\000:\000\040\000H\000o\000w\000\040\000C\000a\000n\000\040\000F\000P\000V\000\040\000Q\000u\000a\000d\000c\000o\000p\000t\000e\000r\000\040\000F\000l\000i\000g\000h\000t\000\040\000P\000h\000y\000s\000i\000c\000s\000\040\000B\000e\000\040\000S\000i\000m\000u\000l\000a\000t\000e\000d\000?}{section*.67}% 50
\BOOKMARK [3][-]{section*.69}{\376\377\000C\000o\000m\000p\000a\000r\000i\000s\000o\000n\000\040\000W\000i\000t\000h\000\040\000E\000x\000i\000s\000t\000i\000n\000g\000\040\000S\000i\000m\000u\000l\000a\000t\000o\000r\000s}{section*.68}% 51
\BOOKMARK [2][-]{section*.70}{\376\377\000R\000Q\0002\000:\000\040\000H\000o\000w\000\040\000c\000a\000n\000\040\000a\000\040\000h\000u\000m\000a\000n\000-\000A\000I\000\040\000c\000o\000l\000l\000a\000b\000o\000r\000a\000t\000i\000o\000n\000\040\000a\000g\000e\000n\000t\000\040\000b\000e\000\040\000d\000e\000s\000i\000g\000n\000e\000d\000\040\000t\000o\000\040\000a\000s\000s\000i\000s\000t\000\040\000u\000s\000e\000r\000s\000?}{section*.67}% 52
\BOOKMARK [3][-]{section*.71}{\376\377\000C\000o\000m\000p\000a\000r\000i\000s\000o\000n\000\040\000o\000f\000\040\000P\000I\000D\000\040\000a\000n\000d\000\040\000R\000L}{section*.70}% 53
\BOOKMARK [2][-]{section*.72}{\376\377\000R\000Q\0003\000:\000\040\000W\000h\000a\000t\000\040\000i\000n\000t\000e\000r\000a\000c\000t\000i\000o\000n\000\040\000m\000e\000t\000h\000o\000d\000s\000\040\000e\000n\000a\000b\000l\000e\000\040\000h\000i\000g\000h\000-\000f\000i\000d\000e\000l\000i\000t\000y\000\040\000X\000R\000\040\000p\000r\000o\000t\000o\000t\000y\000p\000i\000n\000g\000?}{section*.67}% 54
\BOOKMARK [3][-]{section*.73}{\376\377\000W\000h\000e\000n\000\040\000X\000R\000\040\000h\000e\000l\000p\000s}{section*.72}% 55
\BOOKMARK [3][-]{section*.74}{\376\377\000W\000h\000e\000n\000\040\000X\000R\000\040\000i\000s\000\040\000n\000o\000t\000\040\000p\000r\000e\000f\000e\000r\000a\000b\000l\000e}{section*.72}% 56
\BOOKMARK [2][-]{section*.75}{\376\377\000L\000i\000m\000i\000t\000a\000t\000i\000o\000n\000s}{section*.67}% 57
\BOOKMARK [3][-]{section*.76}{\376\377\000S\000e\000l\000f\000-\000L\000e\000v\000e\000l\000i\000n\000g\000\040\000F\000l\000i\000g\000h\000t\000\040\000M\000o\000d\000e\000\040\000O\000n\000l\000y}{section*.75}% 58
\BOOKMARK [3][-]{section*.77}{\376\377\000V\000i\000s\000u\000a\000l\000\040\000F\000e\000e\000d\000b\000a\000c\000k\000\040\000O\000n\000l\000y}{section*.75}% 59
\BOOKMARK [3][-]{section*.78}{\376\377\000N\000o\000\040\000P\000a\000r\000t\000i\000c\000i\000p\000a\000n\000t\000\040\000T\000e\000s\000t\000i\000n\000g}{section*.75}% 60
\BOOKMARK [2][-]{section*.79}{\376\377\000F\000u\000t\000u\000r\000e\000\040\000W\000o\000r\000k}{section*.67}% 61
\BOOKMARK [3][-]{section*.80}{\376\377\000E\000v\000a\000l\000u\000a\000t\000i\000o\000n\000\040\000M\000e\000t\000h\000o\000d\000o\000l\000o\000g\000y\000\040\000f\000o\000r\000\040\000X\000R\000-\000B\000a\000s\000e\000d\000\040\000D\000r\000o\000n\000e\000\040\000P\000r\000o\000t\000o\000t\000y\000p\000i\000n\000g}{section*.79}% 62
\BOOKMARK [3][-]{section*.81}{\376\377\000E\000x\000t\000e\000n\000d\000i\000n\000g\000\040\000t\000o\000\040\000A\000c\000r\000o\000b\000a\000t\000i\000c\000\040\000F\000l\000i\000g\000h\000t\000\040\000M\000o\000d\000e}{section*.79}% 63
\BOOKMARK [3][-]{section*.82}{\376\377\000D\000e\000s\000i\000g\000n\000i\000n\000g\000\040\000M\000u\000l\000t\000i\000m\000o\000d\000a\000l\000\040\000F\000e\000e\000d\000b\000a\000c\000k\000\040\000M\000e\000c\000h\000a\000n\000i\000s\000m\000s}{section*.79}% 64
\BOOKMARK [3][-]{section*.83}{\376\377\000R\000e\000i\000n\000f\000o\000r\000c\000e\000m\000e\000n\000t\000\040\000L\000e\000a\000r\000n\000i\000n\000g\000\040\000f\000o\000r\000\040\000P\000a\000t\000h\000-\000F\000o\000l\000l\000o\000w\000i\000n\000g\000\040\000C\000o\000n\000t\000r\000o\000l}{section*.79}% 65
\BOOKMARK [3][-]{section*.84}{\376\377\000I\000m\000i\000t\000a\000t\000i\000o\000n\000\040\000L\000e\000a\000r\000n\000i\000n\000g\000\040\000f\000o\000r\000\040\000H\000u\000m\000a\000n\000-\000G\000u\000i\000d\000e\000d\000\040\000C\000o\000n\000t\000r\000o\000l}{section*.79}% 66
\BOOKMARK [1][-]{section*.85}{\376\377\000S\000u\000m\000m\000a\000r\000y}{}% 67
\BOOKMARK [2][-]{section*.86}{\376\377\000G\000o\000a\000l\000s}{section*.85}% 68
\BOOKMARK [2][-]{section*.87}{\376\377\000R\000e\000s\000u\000l\000t\000s}{section*.85}% 69
\BOOKMARK [2][-]{section*.88}{\376\377\000G\000e\000n\000e\000r\000a\000l\000i\000z\000a\000t\000i\000o\000n}{section*.85}% 70
\BOOKMARK [2][-]{section*.89}{\376\377\000P\000r\000a\000c\000t\000i\000c\000a\000l\000\040\000U\000s\000e}{section*.85}% 71
\BOOKMARK [2][-]{section*.90}{\376\377\000F\000u\000t\000u\000r\000e\000\040\000S\000t\000u\000d\000y}{section*.85}% 72
\BOOKMARK [1][-]{section*.92}{\376\377\000A\000p\000p\000e\000n\000d\000i\000x}{}% 73
